<?xml version="1.0" encoding="UTF-8"?>
<!-- Generated by org.testng.reporters.JUnitXMLReporter -->
<testsuite hostname="SHRUJIND-IN" ignored="0" name="Default test" tests="2" failures="0" timestamp="02 Dec 2021 05:47:15 GMT" time="8.113" errors="0">
  <testcase name="photoEditorSchemaNegTest" time="5.505" classname="com.org.picsartapp.Test.JsonSchemaValidatorTest"/>
  <testcase name="photoEditorSchemaTest" time="2.57" classname="com.org.picsartapp.Test.JsonSchemaValidatorTest"/>
</testsuite> <!-- Default test -->
