<?xml version="1.0" encoding="UTF-8" ?>
<testsuite tests="4" failures="2" name="TestSuite" time="30.956" errors="0" skipped="0">
  <properties>
[...]
</properties>
  <testcase classname="com.org.picsartapp.Test.JsonSchemaValidatorTest" name="photoEditorSchemaTest" time="5.372"/>
  <testcase classname="com.org.picsartapp.Test.LinkAndSearchTest" name="clickLinkTest" time="2.564">
    <failure message="expected [https://picsart.com/blog] but found [https://picsart.com/]" type="java.lang.AssertionError">java.lang.AssertionError: expected [https://picsart.com/blog] but found [https://picsart.com/]
	at org.testng.Assert.fail(Assert.java:99)
	at org.testng.Assert.failNotEquals(Assert.java:1037)
	at org.testng.Assert.assertEqualsImpl(Assert.java:140)
	at org.testng.Assert.assertEquals(Assert.java:122)
	at org.testng.Assert.assertEquals(Assert.java:629)
	at org.testng.Assert.assertEquals(Assert.java:639)
	at com.org.picsartapp.Test.LinkAndSearchTest.clickLinkTest(LinkAndSearchTest.java:44)
</failure>
  </testcase>
  <testcase classname="com.org.picsartapp.Test.LinkAndSearchTest" name="serachCategory" time="4.38">
    <failure message="expected [https://picsart.com/blog/category/news] but found [https://picsart.com/]" type="java.lang.AssertionError">java.lang.AssertionError: expected [https://picsart.com/blog/category/news] but found [https://picsart.com/]
	at org.testng.Assert.fail(Assert.java:99)
	at org.testng.Assert.failNotEquals(Assert.java:1037)
	at org.testng.Assert.assertEqualsImpl(Assert.java:140)
	at org.testng.Assert.assertEquals(Assert.java:122)
	at org.testng.Assert.assertEquals(Assert.java:629)
	at org.testng.Assert.assertEquals(Assert.java:639)
	at com.org.picsartapp.Test.LinkAndSearchTest.serachCategory(LinkAndSearchTest.java:75)
</failure>
  </testcase>
  <testcase classname="com.org.picsartapp.Test.LoginLogoutTest" name="clickCreateTest" time="18.64"/>
</testsuite>